<?xml version="1.0" encoding="UTF-8"?>
<!-- Generated by org.testng.reporters.JUnitReportReporter -->
<testsuite hostname="LAPTOP-GV4F0G06" failures="0" tests="5" name="tests.ErrorHandlingTest" time="17.119" errors="0" timestamp="2024-12-21T20:50:38 IST" skipped="0">
  <testcase classname="tests.ErrorHandlingTest" name="testNonExistentPage" time="3.298"/>
  <system-out/>
  <testcase classname="tests.ErrorHandlingTest" name="testInvalidContactForm" time="3.196"/>
  <system-out/>
  <testcase classname="tests.ErrorHandlingTest" name="testEmptyLoginFields" time="3.523"/>
  <system-out/>
  <testcase classname="tests.ErrorHandlingTest" name="testCheckoutWithoutDetails" time="3.893"/>
  <system-out/>
  <testcase classname="tests.ErrorHandlingTest" name="testMinInputLength" time="3.209"/>
  <system-out/>
</testsuite> <!-- tests.ErrorHandlingTest -->
