<?xml version="1.0" encoding="UTF-8"?>
<!-- Generated by org.testng.reporters.JUnitReportReporter -->
<testsuite hostname="LAPTOP-GV4F0G06" failures="0" tests="1" name="tests.CheckoutPageTest" time="8.172" errors="0" timestamp="2024-12-21T17:55:32 IST" skipped="0">
  <testcase classname="tests.CheckoutPageTest" name="singleItemCheckout" time="8.172"/>
</testsuite> <!-- tests.CheckoutPageTest -->
