<?xml version="1.0" encoding="UTF-8"?>
<!-- Generated by org.testng.reporters.JUnitReportReporter -->
<testsuite hostname="LAPTOP-GV4F0G06" failures="0" tests="19" name="tests.HomePageTest" time="202.557" errors="0" timestamp="2024-12-21T18:22:39 IST" skipped="0">
  <testcase classname="tests.HomePageTest" name="testHomeLink" time="7.092"/>
  <testcase classname="tests.HomePageTest" name="testContactLink" time="6.450"/>
  <testcase classname="tests.HomePageTest" name="testAboutLink" time="7.057"/>
  <testcase classname="tests.HomePageTest" name="testCartLink" time="7.799"/>
  <testcase classname="tests.HomePageTest" name="testLoginLink" time="6.881"/>
  <testcase classname="tests.HomePageTest" name="testSignUpLink" time="6.584"/>
  <testcase classname="tests.HomePageTest" name="testPhonesCategory" time="6.778"/>
  <testcase classname="tests.HomePageTest" name="testLaptopCategory" time="6.377"/>
  <testcase classname="tests.HomePageTest" name="testDesktopCategory" time="6.427"/>
  <testcase classname="tests.HomePageTest" name="testClickAllProducts" time="104.255"/>
  <testcase classname="tests.HomePageTest" name="testMainNavigationMenu" time="5.011"/>
  <testcase classname="tests.HomePageTest" name="testInteractiveElements" time="3.954"/>
  <testcase classname="tests.HomePageTest" name="testNoContentOverflowMobile" time="4.061"/>
  <testcase classname="tests.HomePageTest" name="testMobileButtonClickability" time="3.939"/>
  <testcase classname="tests.HomePageTest" name="testJavaScriptFunctions" time="3.448"/>
  <testcase classname="tests.HomePageTest" name="testMobileSmallScreen" time="3.456"/>
  <testcase classname="tests.HomePageTest" name="testMobileOrientation" time="4.508"/>
  <testcase classname="tests.HomePageTest" name="testMobileContentNotCutOff" time="4.636"/>
  <testcase classname="tests.HomePageTest" name="testClickableElementsMobile" time="3.844"/>
</testsuite> <!-- tests.HomePageTest -->
