<?xml version="1.0" encoding="UTF-8"?>
<!-- Generated by org.testng.reporters.JUnitReportReporter -->
<testsuite hostname="LAPTOP-GV4F0G06" failures="0" tests="1" name="tests.ShoppingCartPageTest" time="4.628" errors="0" timestamp="2024-12-22T15:17:58 IST" skipped="0">
  <testcase classname="tests.ShoppingCartPageTest" name="testValidateTitleAndURL" time="4.628"/>
  <system-out/>
</testsuite> <!-- tests.ShoppingCartPageTest -->
