<?xml version="1.0" encoding="UTF-8"?>
<!-- Generated by org.testng.reporters.JUnitReportReporter -->
<testsuite hostname="LAPTOP-GV4F0G06" failures="0" tests="6" name="tests.ProductDetailsTest" time="58.513" errors="0" timestamp="2024-12-21T10:43:34 IST" skipped="0">
  <testcase classname="tests.ProductDetailsTest" name="testVerifyProductDetails" time="9.153"/>
  <testcase classname="tests.ProductDetailsTest" name="testAddToCartButtonVisibleAndFunctional" time="11.637"/>
  <testcase classname="tests.ProductDetailsTest" name="testProductDescriptionLength" time="9.619"/>
  <testcase classname="tests.ProductDetailsTest" name="testNavigationBetweenPages" time="10.921"/>
  <testcase classname="tests.ProductDetailsTest" name="testProductPriceGreaterThanZero" time="8.617"/>
  <testcase classname="tests.ProductDetailsTest" name="testProductDescriptionExceedsCharacterLimit" time="8.566"/>
</testsuite> <!-- tests.ProductDetailsTest -->
