<?xml version="1.0" encoding="UTF-8"?>
<!-- Generated by org.testng.reporters.JUnitReportReporter -->
<testsuite hostname="LAPTOP-GV4F0G06" failures="0" tests="2" name="tests.LoginPageTest" time="14.359" errors="0" timestamp="2024-12-21T00:14:43 IST" skipped="0">
  <testcase classname="tests.LoginPageTest" name="testSuccessfulLogin" time="7.371"/>
  <testcase classname="tests.LoginPageTest" name="testSuccessfulLogin" time="6.988"/>
</testsuite> <!-- tests.LoginPageTest -->
