<?xml version="1.0" encoding="UTF-8"?>
<!-- Generated by org.testng.reporters.JUnitReportReporter -->
<testsuite hostname="LAPTOP-GV4F0G06" failures="0" tests="1" name="tests.ResponsiveDesignTest" time="4.145" errors="0" timestamp="2024-12-21T19:19:21 IST" skipped="0">
  <testcase classname="tests.ResponsiveDesignTest" name="testSmallScreenCompatibility" time="4.145"/>
  <system-out/>
</testsuite> <!-- tests.ResponsiveDesignTest -->
